[1m============================= test session starts =============================[0m
platform win32 -- Python 3.11.9, pytest-9.0.2, pluggy-1.6.0 -- E:\VoiceStudio\.venv\Scripts\python.exe
cachedir: .pytest_cache
metadata: {'Python': '3.11.9', 'Platform': 'Windows-10-10.0.26200-SP0', 'Packages': {'pytest': '9.0.2', 'pluggy': '1.6.0'}, 'Plugins': {'anyio': '4.12.1', 'asyncio': '1.3.0', 'cov': '7.0.0', 'json-report': '1.5.0', 'metadata': '3.1.1', 'mock': '3.15.1', 'randomly': '4.0.1', 'timeout': '2.4.0', 'xdist': '3.8.0', 'typeguard': '4.4.4'}, 'JAVA_HOME': 'C:\\Program Files\\Microsoft\\jdk-21.0.8.9-hotspot\\'}
Using --randomly-seed=12345
rootdir: E:\VoiceStudio
configfile: pytest.ini
plugins: anyio-4.12.1, asyncio-1.3.0, cov-7.0.0, json-report-1.5.0, metadata-3.1.1, mock-3.15.1, randomly-4.0.1, timeout-2.4.0, xdist-3.8.0, typeguard-4.4.4
asyncio: mode=Mode.AUTO, debug=False, asyncio_default_fixture_loop_scope=None, asyncio_default_test_loop_scope=function
[1mcollecting ... [0mcollected 1 item

2026-04-22 20:35:44,417 - httpx - INFO - HTTP Request: GET http://127.0.0.1:8066/health "HTTP/1.1 200 OK"
2026-04-22 20:35:57,381 - httpx - INFO - HTTP Request: GET http://127.0.0.1:8066/api/health/preflight "HTTP/1.1 200 OK"
2026-04-22 20:35:57,404 - httpx - INFO - HTTP Request: POST http://127.0.0.1:8066/api/library/assets/upload "HTTP/1.1 201 Created"
2026-04-22 20:35:58,958 - httpx - INFO - HTTP Request: POST http://127.0.0.1:8066/api/transcribe/ "HTTP/1.1 200 OK"
tests/integration/test_transcribe_whisper_real.py::test_real_whisper_transcribe_returns_text [32mPASSED[0m[32m [100%][0m

[33m============================== warnings summary ===============================[0m
tests/integration/test_transcribe_whisper_real.py::test_real_whisper_transcribe_returns_text
  E:\VoiceStudio\backend\api\v3\models.py:79: PydanticDeprecatedSince20: Support for class-based `config` is deprecated, use ConfigDict instead. Deprecated in Pydantic V2.0 to be removed in V3.0. See Pydantic V2 Migration Guide at https://errors.pydantic.dev/2.12/migration/
    class StandardResponse(BaseModel, Generic[T]):

tests/integration/test_transcribe_whisper_real.py::test_real_whisper_transcribe_returns_text
  E:\VoiceStudio\backend\api\v3\projects.py:42: PydanticDeprecatedSince20: Support for class-based `config` is deprecated, use ConfigDict instead. Deprecated in Pydantic V2.0 to be removed in V3.0. See Pydantic V2 Migration Guide at https://errors.pydantic.dev/2.12/migration/
    class ProjectInfo(BaseModel):

-- Docs: https://docs.pytest.org/en/stable/how-to/capture-warnings.html
============================ slowest 10 durations =============================
13.14s setup    tests/integration/test_transcribe_whisper_real.py::test_real_whisper_transcribe_returns_text
1.58s call     tests/integration/test_transcribe_whisper_real.py::test_real_whisper_transcribe_returns_text
0.11s teardown tests/integration/test_transcribe_whisper_real.py::test_real_whisper_transcribe_returns_text
[33m======================= [32m1 passed[0m, [33m[1m2 warnings[0m[33m in 15.77s[0m[33m ========================[0m
